[09-05-2022  09:27:42 AM] info Usuario autenticado: mvalenzuela
[09-05-2022  09:56:26 AM] info Se ingreso un usuario
[09-05-2022  09:58:01 AM] info Se ingreso un usuario
[09-05-2022  09:58:37 AM] info Se ingreso un usuario
[09-05-2022  09:59:00 AM] info Se ingreso un usuario
[09-05-2022  09:59:50 AM] info Se ingreso un usuario
[09-05-2022  10:21:28 AM] info Se ingreso un usuario
[09-05-2022  10:21:40 AM] info Se ingreso un usuario
[09-05-2022  10:25:15 AM] info Se ingreso un usuario
[09-05-2022  10:25:56 AM] info Se ingreso un usuario
[09-05-2022  10:42:30 AM] info Se ingreso un usuario
[09-05-2022  10:44:31 AM] info Se ingreso un usuario
[09-05-2022  10:45:47 AM] info Se ingreso un usuario
[09-05-2022  10:46:15 AM] info Se ingreso un usuario
[09-05-2022  10:46:56 AM] info Se ingreso un usuario
[09-05-2022  10:47:19 AM] info Se ingreso un usuario
[09-05-2022  10:48:29 AM] info Se ingreso un usuario
[09-05-2022  10:48:49 AM] info Se ingreso un usuario
[09-05-2022  10:49:15 AM] info Se ingreso un usuario
[09-05-2022  10:50:11 AM] info Se ingreso un usuario
[09-05-2022  10:54:34 AM] info Se ingreso un usuario
[09-05-2022  10:58:18 AM] info Se ingreso un usuario
[09-05-2022  11:00:30 AM] info Se ingreso un usuario
[09-05-2022  11:16:51 AM] info Se ingreso un usuario
[09-05-2022  11:28:36 AM] info Se ingreso un usuario
[09-05-2022  12:04:23 PM] info Se ingreso un usuario
[09-05-2022  13:02:31 PM] info Usuario autenticado: mvalenzuela
[09-05-2022  13:04:54 PM] info Usuario autenticado: mvalenzuela
[09-05-2022  15:50:58 PM] warn credenciales no coinciden: mvalenzuela
[09-05-2022  15:51:06 PM] info Usuario autenticado: mvalenzuela
