[01-06-2022  11:44:08 AM] info no se puede ingresar la correspondencia
[01-06-2022  11:45:23 AM] info no se puede ingresar la correspondencia
[01-06-2022  11:48:55 AM] info no se puede ingresar la correspondencia
[01-06-2022  11:49:51 AM] info El usuario [1] agrego una correspondencia
[01-06-2022  12:35:13 PM] info no se puede ingresar la correspondencia
[01-06-2022  12:35:41 PM] info no se puede ingresar la correspondencia
[01-06-2022  12:38:11 PM] info no se puede ingresar la correspondencia
[01-06-2022  13:09:59 PM] info no se puede ingresar la correspondencia
[01-06-2022  13:11:21 PM] info no se puede ingresar la correspondencia
[01-06-2022  13:15:12 PM] info no se puede ingresar la correspondencia
[01-06-2022  13:18:39 PM] info no se puede ingresar la correspondencia
[01-06-2022  15:19:25 PM] info El usuario [1] agrego una correspondencia
[01-06-2022  15:19:57 PM] info Se encontro una correspondencia
[01-06-2022  15:20:05 PM] info Se encontro una correspondencia
[01-06-2022  15:25:59 PM] info Se encontro una correspondencia
[01-06-2022  15:27:18 PM] info Se encontro una correspondencia
[01-06-2022  15:36:20 PM] info ocurrio un error al modificar la correspondencia[el usuario no es el mismo [undefined]]
[01-06-2022  15:39:30 PM] info ocurrio un error al modificar la correspondencia[el usuario no es el mismo [undefined]]
[01-06-2022  15:40:03 PM] info ocurrio un error al modificar la correspondencia[en la query]
[01-06-2022  15:41:01 PM] info ocurrio un error al modificar la correspondencia[en la query]
[01-06-2022  15:43:57 PM] info Se actualizo la correspondencia
[01-06-2022  15:44:31 PM] info Se encontro una correspondencia
[01-06-2022  15:47:06 PM] info Se encontro una correspondencia
[01-06-2022  15:47:43 PM] info Se encontro una correspondencia
[01-06-2022  15:48:13 PM] info Se encontro una correspondencia
[01-06-2022  15:52:14 PM] info Se encontro una correspondencia
[01-06-2022  15:52:49 PM] info Se encontro una correspondencia
[01-06-2022  15:53:03 PM] info Se encontro una correspondencia
[01-06-2022  16:07:20 PM] info Se encontro una correspondencia
[01-06-2022  16:13:03 PM] info Se encontro una correspondencia
[01-06-2022  16:13:14 PM] info Se encontro una correspondencia
[01-06-2022  16:14:08 PM] info Se encontro una correspondencia
[01-06-2022  16:15:27 PM] info Se encontro una correspondencia
[01-06-2022  16:16:20 PM] info Se encontro una correspondencia
[01-06-2022  16:17:27 PM] info Se encontro una correspondencia
[01-06-2022  16:26:58 PM] info Se encontro una correspondencia
[01-06-2022  16:32:13 PM] info Se encontro una correspondencia
[01-06-2022  16:32:41 PM] info Se encontro una correspondencia
[01-06-2022  16:35:21 PM] info Se encontro una correspondencia
[01-06-2022  16:35:25 PM] info Se encontro una correspondencia
[01-06-2022  16:35:31 PM] info Se encontro una correspondencia
[01-06-2022  16:35:49 PM] info Se encontro una correspondencia
[01-06-2022  17:25:32 PM] info Se encontro una correspondencia
[01-06-2022  17:28:09 PM] info Se encontro una correspondencia
[01-06-2022  17:30:30 PM] info Se encontro una correspondencia
[01-06-2022  17:33:06 PM] info Se encontro una correspondencia
[01-06-2022  17:33:26 PM] info Se encontro una correspondencia
[01-06-2022  17:39:02 PM] info Se encontro una correspondencia
[01-06-2022  17:39:14 PM] info Se encontro una correspondencia
[01-06-2022  17:39:33 PM] info Se encontro una correspondencia
[01-06-2022  17:40:19 PM] info Se encontro una correspondencia
[01-06-2022  17:41:10 PM] info Se encontro una correspondencia
[01-06-2022  17:41:12 PM] info Se actualizo la correspondencia
[01-06-2022  17:41:20 PM] info Se encontro una correspondencia
[01-06-2022  17:41:24 PM] info Se actualizo la correspondencia
[01-06-2022  17:41:33 PM] info Se encontro una correspondencia
[01-06-2022  17:44:52 PM] info Se encontro una correspondencia
[01-06-2022  17:44:54 PM] info Se actualizo la correspondencia
[01-06-2022  17:45:00 PM] info Se encontro una correspondencia
[01-06-2022  17:45:17 PM] info Se encontro una correspondencia
[01-06-2022  17:53:07 PM] info Se encontro una correspondencia
